<?xml version="1.0" encoding="UTF-8"?>
<!-- Generated by org.testng.reporters.JUnitReportReporter -->
<testsuite hostname="baudouin-Lenovo-V320-17IKB" failures="0" tests="2" name="com.Ebanking.testCases.TC_LoginTest" time="56.361" errors="0" timestamp="20 Mar 2020 16:00:14 GMT" skipped="0">
  <testcase classname="com.Ebanking.testCases.TC_LoginTest" name="LoginTest" time="2.430"/>
  <testcase classname="com.Ebanking.testCases.TC_LoginTest" name="LoginTest" time="53.931"/>
</testsuite> <!-- com.Ebanking.testCases.TC_LoginTest -->
