<?xml version="1.0" encoding="UTF-8"?>
<!-- Generated by org.testng.reporters.JUnitReportReporter -->
<testsuite hostname="baudouin-Lenovo-V320-17IKB" failures="0" tests="1" name="com.Ebanking.testCases.TC_LoginTest" time="1.543" errors="0" timestamp="21 Mar 2020 11:46:27 GMT" skipped="0">
  <testcase classname="com.Ebanking.testCases.TC_LoginTest" name="LoginTest" time="1.543"/>
</testsuite> <!-- com.Ebanking.testCases.TC_LoginTest -->
